<?xml version="1.0" encoding="UTF-8"?>
<!-- Generated by org.testng.reporters.JUnitReportReporter -->
<testsuite skipped="0" hostname="DESKTOP-E93L96M" name="com.webdriver.A" tests="1" failures="0" timestamp="30 Dec 2018 07:47:13 GMT" time="0.013" errors="0">
  <testcase name="ashok" time="0.013" classname="com.webdriver.A"/>
</testsuite> <!-- com.webdriver.A -->
