<?xml version="1.0" encoding="UTF-8"?>
<!-- Generated by org.testng.reporters.JUnitReportReporter -->
<testsuite skipped="0" hostname="DESKTOP-E93L96M" name="com.webdriver.Para" tests="1" failures="0" timestamp="02 Jan 2019 13:10:17 GMT" time="10.557" errors="0">
  <testcase name="launch" time="10.557" classname="com.webdriver.Para"/>
</testsuite> <!-- com.webdriver.Para -->
