<?xml version="1.0" encoding="UTF-8"?>
<!-- Generated by org.testng.reporters.JUnitReportReporter -->
<testsuite skipped="0" hostname="DESKTOP-E93L96M" name="com.webdriver.ParaMeter" tests="2" failures="0" timestamp="30 Dec 2018 15:14:13 GMT" time="65.757" errors="0">
  <testcase name="launchBrowser" time="37.001" classname="com.webdriver.ParaMeter"/>
  <testcase name="launchBrowser" time="28.756" classname="com.webdriver.ParaMeter"/>
</testsuite> <!-- com.webdriver.ParaMeter -->
