<?xml version="1.0" encoding="UTF-8"?>
<!-- Generated by org.testng.reporters.JUnitReportReporter -->
<testsuite skipped="0" hostname="DESKTOP-E93L96M" name="com.ashok.TestExp" tests="3" failures="0" timestamp="18 Dec 2018 06:35:39 GMT" time="0.043" errors="0">
  <testcase name="method1" time="0.008" classname="com.ashok.TestExp"/>
  <testcase name="method1" time="0.009" classname="com.ashok.TestExp"/>
  <testcase name="method1" time="0.026" classname="com.ashok.TestExp"/>
</testsuite> <!-- com.ashok.TestExp -->
