<?xml version="1.0" encoding="UTF-8"?>
<!-- Generated by org.testng.reporters.JUnitReportReporter -->
<testsuite skipped="0" hostname="DESKTOP-E93L96M" name="utilities.Data" tests="3" failures="0" timestamp="07 Jan 2019 05:52:39 GMT" time="0.029" errors="0">
  <testcase name="method" time="0.004" classname="utilities.Data"/>
  <testcase name="method" time="0.019" classname="utilities.Data"/>
  <testcase name="method" time="0.006" classname="utilities.Data"/>
</testsuite> <!-- utilities.Data -->
