<?xml version="1.0" encoding="UTF-8"?>
<!-- Generated by org.testng.reporters.JUnitReportReporter -->
<testsuite skipped="0" hostname="DESKTOP-E93L96M" name="listeners.TestBase" tests="1" failures="0" timestamp="03 Jan 2019 05:55:37 GMT" time="0.016" errors="0">
  <testcase name="test" time="0.016" classname="listeners.TestBase"/>
</testsuite> <!-- listeners.TestBase -->
