<?xml version="1.0" encoding="UTF-8"?>
<!-- Generated by org.testng.reporters.JUnitReportReporter -->
<testsuite skipped="0" hostname="DESKTOP-E93L96M" name="lib.ReporterLog" tests="1" failures="0" timestamp="02 Jan 2019 13:21:18 GMT" time="0.024" errors="0">
  <testcase name="test" time="0.024" classname="lib.ReporterLog"/>
</testsuite> <!-- lib.ReporterLog -->
