<?xml version="1.0" encoding="UTF-8"?>
<!-- Generated by org.testng.reporters.JUnitReportReporter -->
<testsuite skipped="0" hostname="DESKTOP-E93L96M" name="com.webdriver.IncludeMethods" tests="3" failures="0" timestamp="02 Jan 2019 13:10:17 GMT" time="0.016" errors="0">
  <testcase name="test1" time="0.016" classname="com.webdriver.IncludeMethods"/>
  <testcase name="test12" time="0.000" classname="com.webdriver.IncludeMethods"/>
  <testcase name="test13" time="0.000" classname="com.webdriver.IncludeMethods"/>
</testsuite> <!-- com.webdriver.IncludeMethods -->
