<?xml version="1.0" encoding="UTF-8"?>
<!-- Generated by org.testng.reporters.JUnitReportReporter -->
<testsuite skipped="0" hostname="DESKTOP-E93L96M" name="com.ashok.Sample" tests="1" failures="0" timestamp="09 Dec 2018 12:16:18 GMT" time="0.019" errors="0">
  <testcase name="method" time="0.019" classname="com.ashok.Sample"/>
</testsuite> <!-- com.ashok.Sample -->
