<?xml version="1.0" encoding="UTF-8"?>
<!-- Generated by org.testng.reporters.JUnitReportReporter -->
<testsuite skipped="0" hostname="DESKTOP-E93L96M" name="com.webdriver.DatePicker" tests="1" failures="0" timestamp="09 Sep 2018 14:21:48 GMT" time="14.286" errors="0">
  <testcase name="selectDate" time="14.286" classname="com.webdriver.DatePicker"/>
</testsuite> <!-- com.webdriver.DatePicker -->
