<?xml version="1.0" encoding="UTF-8"?>
<!-- Generated by org.testng.reporters.JUnitReportReporter -->
<testsuite skipped="0" hostname="DESKTOP-E93L96M" name="com.webdriver.DatePicker" tests="1" failures="0" timestamp="09 Dec 2018 13:01:08 GMT" time="26.667" errors="0">
  <testcase name="selectDate" time="26.667" classname="com.webdriver.DatePicker"/>
</testsuite> <!-- com.webdriver.DatePicker -->
