<?xml version="1.0" encoding="UTF-8"?>
<!-- Generated by org.testng.reporters.JUnitReportReporter -->
<testsuite skipped="0" hostname="DESKTOP-E93L96M" name="com.webdriver.Fb" tests="1" failures="0" timestamp="23 Jun 2018 07:24:50 GMT" time="18.029" errors="0">
  <testcase name="launch" time="18.029" classname="com.webdriver.Fb"/>
</testsuite> <!-- com.webdriver.Fb -->
