<?xml version="1.0" encoding="UTF-8"?>
<!-- Generated by org.testng.reporters.JUnitReportReporter -->
<testsuite skipped="0" hostname="DESKTOP-E93L96M" name="com.webdriver.AnnotationsEx" tests="1" failures="0" timestamp="30 Dec 2018 06:23:55 GMT" time="0.015" errors="0">
  <testcase name="testMethod" time="0.015" classname="com.webdriver.AnnotationsEx"/>
</testsuite> <!-- com.webdriver.AnnotationsEx -->
