<?xml version="1.0" encoding="UTF-8"?>
<!-- Generated by org.testng.reporters.JUnitReportReporter -->
<testsuite skipped="0" hostname="DESKTOP-E93L96M" name="com.webdriver.Priority" tests="3" failures="0" timestamp="22 Aug 2018 05:22:49 GMT" time="0.021" errors="0">
  <testcase name="test1" time="0.015" classname="com.webdriver.Priority"/>
  <testcase name="test2" time="0.001" classname="com.webdriver.Priority"/>
  <testcase name="test3" time="0.005" classname="com.webdriver.Priority"/>
</testsuite> <!-- com.webdriver.Priority -->
