<?xml version="1.0" encoding="UTF-8"?>
<!-- Generated by org.testng.reporters.JUnitReportReporter -->
<testsuite skipped="0" hostname="DESKTOP-E93L96M" name="listeners.Ex2" tests="2" failures="0" timestamp="07 Jan 2019 05:44:19 GMT" time="0.003" errors="0">
  <testcase name="t2" time="0.002" classname="listeners.Ex2"/>
  <testcase name="t1" time="0.001" classname="listeners.Ex2"/>
</testsuite> <!-- listeners.Ex2 -->
