<?xml version="1.0" encoding="UTF-8"?>
<!-- Generated by org.testng.reporters.JUnitReportReporter -->
<testsuite skipped="0" hostname="DESKTOP-E93L96M" name="utilities.Data" tests="3" failures="0" timestamp="09 Dec 2018 12:47:51 GMT" time="0.030" errors="0">
  <testcase name="method" time="0.015" classname="utilities.Data"/>
  <testcase name="method" time="0.005" classname="utilities.Data"/>
  <testcase name="method" time="0.010" classname="utilities.Data"/>
</testsuite> <!-- utilities.Data -->
