<?xml version="1.0" encoding="UTF-8"?>
<!-- Generated by org.testng.reporters.JUnitReportReporter -->
<testsuite skipped="1" hostname="DESKTOP-E93L96M" name="com.ashok.Sample2" tests="2" failures="0" timestamp="09 Dec 2018 12:24:01 GMT" time="0.015" errors="0">
  <testcase name="method3" time="0.015" classname="com.ashok.Sample2"/>
  <testcase name="method2" classname="com.ashok.Sample2">
    <skipped/>
  </testcase> <!-- method2 -->
</testsuite> <!-- com.ashok.Sample2 -->
