<?xml version="1.0" encoding="UTF-8"?>
<!-- Generated by org.testng.reporters.JUnitReportReporter -->
<testsuite skipped="0" hostname="DESKTOP-E93L96M" name="listeners.Ex1" tests="2" failures="0" timestamp="07 Jan 2019 05:44:19 GMT" time="0.023" errors="0">
  <testcase name="m2" time="0.005" classname="listeners.Ex1"/>
  <testcase name="m1" time="0.018" classname="listeners.Ex1"/>
</testsuite> <!-- listeners.Ex1 -->
