<?xml version="1.0" encoding="UTF-8"?>
<!-- Generated by org.testng.reporters.JUnitReportReporter -->
<testsuite skipped="0" hostname="DESKTOP-E93L96M" name="com.webdriver.Gmail" tests="3" failures="0" timestamp="20 Jun 2018 06:15:52 GMT" time="25.848" errors="0">
  <testcase name="launch" time="9.090" classname="com.webdriver.Gmail"/>
  <testcase name="launch" time="7.036" classname="com.webdriver.Gmail"/>
  <testcase name="launch" time="9.722" classname="com.webdriver.Gmail"/>
</testsuite> <!-- com.webdriver.Gmail -->
