<?xml version="1.0" encoding="UTF-8"?>
<!-- Generated by org.testng.reporters.JUnitReportReporter -->
<testsuite skipped="0" hostname="DESKTOP-E93L96M" name="com.webdriver.Data" tests="1" failures="0" timestamp="12 Aug 2018 06:05:26 GMT" time="10.698" errors="0">
  <testcase name="launch" time="10.698" classname="com.webdriver.Data"/>
</testsuite> <!-- com.webdriver.Data -->
