<?xml version="1.0" encoding="UTF-8"?>
<!-- Generated by org.testng.reporters.JUnitReportReporter -->
<testsuite skipped="0" hostname="DESKTOP-E93L96M" name="com.webdriver.Para" tests="1" failures="0" timestamp="25 Jun 2018 16:57:37 GMT" time="20.044" errors="0">
  <testcase name="launch" time="20.044" classname="com.webdriver.Para"/>
</testsuite> <!-- com.webdriver.Para -->
