<?xml version="1.0" encoding="UTF-8"?>
<!-- Generated by org.testng.reporters.JUnitReportReporter -->
<testsuite skipped="0" hostname="DESKTOP-E93L96M" name="com.webdriver.Data1" tests="3" failures="0" timestamp="12 Aug 2018 06:25:03 GMT" time="69.565" errors="0">
  <testcase name="login" time="22.918" classname="com.webdriver.Data1"/>
  <testcase name="login" time="23.490" classname="com.webdriver.Data1"/>
  <testcase name="login" time="23.157" classname="com.webdriver.Data1"/>
</testsuite> <!-- com.webdriver.Data1 -->
